
Showing logs for build [32mcb-kubecd-bdd-spring-1582598284-jns9x-1[0m stage [32mfrom-build-pack[0m and container [32mstep-credential-initializer-5hm9c[0m
{"level":"warn","ts":1582598921.4267116,"logger":"fallback-logger","caller":"logging/config.go:69","msg":"Fetch GitHub commit ID from kodata failed: \"ref: refs/heads/0.8.0-**-support-backwards-incompats\" is not a valid GitHub commit ID"}
{"level":"info","ts":1582598921.4272583,"logger":"fallback-logger","caller":"creds-init/main.go:40","msg":"Credentials initialized."}

Showing logs for build [32mcb-kubecd-bdd-spring-1582598284-jns9x-1[0m stage [32mfrom-build-pack[0m and container [32mstep-working-dir-initializer-pfskb[0m
{"level":"warn","ts":1582598922.7806587,"logger":"fallback-logger","caller":"logging/config.go:69","msg":"Fetch GitHub commit ID from kodata failed: open /var/run/ko/HEAD: no such file or directory"}
{"level":"info","ts":1582598922.783649,"logger":"fallback-logger","caller":"bash/main.go:64","msg":"Successfully executed command \"sh -c mkdir -p /workspace/source\"; output "}

Showing logs for build [32mcb-kubecd-bdd-spring-1582598284-jns9x-1[0m stage [32mfrom-build-pack[0m and container [32mstep-place-tools[0m

Showing logs for build [32mcb-kubecd-bdd-spring-1582598284-jns9x-1[0m stage [32mfrom-build-pack[0m and container [32mstep-git-source-cb-kubecd-bdd-spring-1582598284-jns9x-dhntz[0m
{"level":"warn","ts":1582598931.9106584,"logger":"fallback-logger","caller":"logging/config.go:69","msg":"Fetch GitHub commit ID from kodata failed: \"ref: refs/heads/0.8.0-**-support-backwards-incompats\" is not a valid GitHub commit ID"}
{"level":"info","ts":1582598933.1400795,"logger":"fallback-logger","caller":"git/git.go:103","msg":"Successfully cloned https://github.com/cb-kubecd/bdd-spring-1582598284.git @ master in path /workspace/source"}

Showing logs for build [32mcb-kubecd-bdd-spring-1582598284-jns9x-1[0m stage [32mfrom-build-pack[0m and container [32mstep-git-merge[0m
Using SHAs from PULL_REFS=master:1423e09abb419d48890d97e0b643acf4fdf9ddc3,1:6587cad2bb1dfd5908fc775b8146dfa353a0a281
DEBUG: JX_LOG_LEVEL=error LC_ALL=C git fetch origin --unshallow 6587cad2bb1dfd5908fc775b8146dfa353a0a281: 1423e09abb419d48890d97e0b643acf4fdf9ddc3:
DEBUG: ran git fetch --unshallow origin 6587cad2bb1dfd5908fc775b8146dfa353a0a281: 1423e09abb419d48890d97e0b643acf4fdf9ddc3: in 
DEBUG: LC_ALL=C JX_LOG_LEVEL=error git branch
DEBUG: LC_ALL=C JX_LOG_LEVEL=error git checkout master
DEBUG: ran git checkout master in 
DEBUG: LC_ALL=C JX_LOG_LEVEL=error git reset --hard 1423e09abb419d48890d97e0b643acf4fdf9ddc3
DEBUG: ran git reset --hard 1423e09abb419d48890d97e0b643acf4fdf9ddc3 in 
DEBUG: LC_ALL=C JX_LOG_LEVEL=error git clean -fd .
DEBUG: ran clean --force -d . in 
DEBUG: JX_LOG_LEVEL=error LC_ALL=C git merge 6587cad2bb1dfd5908fc775b8146dfa353a0a281
DEBUG: ran git merge 6587cad2bb1dfd5908fc775b8146dfa353a0a281 in 
DEBUG: LC_ALL=C JX_LOG_LEVEL=error git log --format=%H%x1f%an%x1f%ae%x1f%cn%x1f%ce%x1f%s%n%b%x1e 1423e09abb419d48890d97e0b643acf4fdf9ddc3..HEAD
Merged SHA 6587cad2bb1dfd5908fc775b8146dfa353a0a281 with commit message 'My first PR commit' into base branch master

Showing logs for build [32mcb-kubecd-bdd-spring-1582598284-jns9x-1[0m stage [32mfrom-build-pack[0m and container [32mstep-build-set-version[0m
Picked up _JAVA_OPTIONS: -XX:+UnlockExperimentalVMOptions -XX:+UseCGroupMemoryLimitForHeap -Dsun.zip.disableMemoryMapping=true -XX:+UseParallelGC -XX:MinHeapFreeRatio=5 -XX:MaxHeapFreeRatio=10 -XX:GCTimeRatio=4 -XX:AdaptiveSizePolicyWeight=90 -Xms10m -Xmx192m
OpenJDK 64-Bit Server VM warning: If the number of processors is expected to increase from one, then you should configure the number of parallel GC threads appropriately using -XX:ParallelGCThreads=N
[INFO] Scanning for projects...
[INFO] 
[INFO] -----------------< com.example:bdd-spring-1582598284 >------------------
[INFO] Building demo 0.0.1-SNAPSHOT
[INFO] --------------------------------[ jar ]---------------------------------
[INFO] 
[INFO] --- versions-maven-plugin:2.7:set (default-cli) @ bdd-spring-1582598284 ---
[INFO] Searching for local aggregator root...
[INFO] Local aggregation root: /workspace/source
[INFO] Processing change of com.example:bdd-spring-1582598284:0.0.1-SNAPSHOT -> 0.0.0-SNAPSHOT-PR-1-1
[INFO] Processing com.example:bdd-spring-1582598284
[INFO]     Updating project com.example:bdd-spring-1582598284
[INFO]         from version 0.0.1-SNAPSHOT to 0.0.0-SNAPSHOT-PR-1-1
[INFO] 
[INFO] ------------------------------------------------------------------------
[INFO] BUILD SUCCESS
[INFO] ------------------------------------------------------------------------
[INFO] Total time:  14.259 s
[INFO] Finished at: 2020-02-25T02:49:12Z
[INFO] ------------------------------------------------------------------------

Showing logs for build [32mcb-kubecd-bdd-spring-1582598284-jns9x-1[0m stage [32mfrom-build-pack[0m and container [32mstep-build-mvn-install[0m
Picked up _JAVA_OPTIONS: -XX:+UnlockExperimentalVMOptions -XX:+UseCGroupMemoryLimitForHeap -Dsun.zip.disableMemoryMapping=true -XX:+UseParallelGC -XX:MinHeapFreeRatio=5 -XX:MaxHeapFreeRatio=10 -XX:GCTimeRatio=4 -XX:AdaptiveSizePolicyWeight=90 -Xms10m -Xmx192m
OpenJDK 64-Bit Server VM warning: If the number of processors is expected to increase from one, then you should configure the number of parallel GC threads appropriately using -XX:ParallelGCThreads=N
[INFO] Scanning for projects...
[INFO] 
[INFO] -----------------< com.example:bdd-spring-1582598284 >------------------
[INFO] Building demo 0.0.0-SNAPSHOT-PR-1-1
[INFO] --------------------------------[ jar ]---------------------------------
[INFO] 
[INFO] --- maven-resources-plugin:3.1.0:resources (default-resources) @ bdd-spring-1582598284 ---
[INFO] Using 'UTF-8' encoding to copy filtered resources.
[INFO] Copying 1 resource
[INFO] Copying 0 resource
[INFO] 
[INFO] --- maven-compiler-plugin:3.8.1:compile (default-compile) @ bdd-spring-1582598284 ---
[INFO] Changes detected - recompiling the module!
[INFO] Compiling 1 source file to /workspace/source/target/classes
[INFO] 
[INFO] --- maven-resources-plugin:3.1.0:testResources (default-testResources) @ bdd-spring-1582598284 ---
[INFO] Using 'UTF-8' encoding to copy filtered resources.
[INFO] skip non existing resourceDirectory /workspace/source/src/test/resources
[INFO] 
[INFO] --- maven-compiler-plugin:3.8.1:testCompile (default-testCompile) @ bdd-spring-1582598284 ---
[INFO] Changes detected - recompiling the module!
[INFO] Compiling 1 source file to /workspace/source/target/test-classes
[INFO] 
[INFO] --- maven-surefire-plugin:3.0.0-M1:test (default-test) @ bdd-spring-1582598284 ---
[INFO] 
[INFO] -------------------------------------------------------
[INFO]  T E S T S
[INFO] -------------------------------------------------------
[INFO] Running com.example.bddspring1582598284.DemoApplicationTests
02:49:35.846 [main] DEBUG org.springframework.test.context.BootstrapUtils - Instantiating CacheAwareContextLoaderDelegate from class [org.springframework.test.context.cache.DefaultCacheAwareContextLoaderDelegate]
02:49:35.878 [main] DEBUG org.springframework.test.context.BootstrapUtils - Instantiating BootstrapContext using constructor [public org.springframework.test.context.support.DefaultBootstrapContext(java.lang.Class,org.springframework.test.context.CacheAwareContextLoaderDelegate)]
02:49:35.992 [main] DEBUG org.springframework.test.context.BootstrapUtils - Instantiating TestContextBootstrapper for test class [com.example.bddspring1582598284.DemoApplicationTests] from class [org.springframework.boot.test.context.SpringBootTestContextBootstrapper]
02:49:36.067 [main] INFO org.springframework.boot.test.context.SpringBootTestContextBootstrapper - Neither @ContextConfiguration nor @ContextHierarchy found for test class [com.example.bddspring1582598284.DemoApplicationTests], using SpringBootContextLoader
02:49:36.078 [main] DEBUG org.springframework.test.context.support.AbstractContextLoader - Did not detect default resource location for test class [com.example.bddspring1582598284.DemoApplicationTests]: class path resource [com/example/bddspring1582598284/DemoApplicationTests-context.xml] does not exist
02:49:36.079 [main] DEBUG org.springframework.test.context.support.AbstractContextLoader - Did not detect default resource location for test class [com.example.bddspring1582598284.DemoApplicationTests]: class path resource [com/example/bddspring1582598284/DemoApplicationTestsContext.groovy] does not exist
02:49:36.079 [main] INFO org.springframework.test.context.support.AbstractContextLoader - Could not detect default resource locations for test class [com.example.bddspring1582598284.DemoApplicationTests]: no resource found for suffixes {-context.xml, Context.groovy}.
02:49:36.088 [main] INFO org.springframework.test.context.support.AnnotationConfigContextLoaderUtils - Could not detect default configuration classes for test class [com.example.bddspring1582598284.DemoApplicationTests]: DemoApplicationTests does not declare any static, non-private, non-final, nested classes annotated with @Configuration.
02:49:36.254 [main] DEBUG org.springframework.test.context.support.ActiveProfilesUtils - Could not find an 'annotation declaring class' for annotation type [org.springframework.test.context.ActiveProfiles] and class [com.example.bddspring1582598284.DemoApplicationTests]
02:49:36.439 [main] DEBUG org.springframework.context.annotation.ClassPathScanningCandidateComponentProvider - Identified candidate component class: file [/workspace/source/target/classes/com/example/bddspring1582598284/DemoApplication.class]
02:49:36.441 [main] INFO org.springframework.boot.test.context.SpringBootTestContextBootstrapper - Found @SpringBootConfiguration com.example.bddspring1582598284.DemoApplication for test class com.example.bddspring1582598284.DemoApplicationTests
02:49:36.671 [main] DEBUG org.springframework.boot.test.context.SpringBootTestContextBootstrapper - @TestExecutionListeners is not present for class [com.example.bddspring1582598284.DemoApplicationTests]: using defaults.
02:49:36.672 [main] INFO org.springframework.boot.test.context.SpringBootTestContextBootstrapper - Loaded default TestExecutionListener class names from location [META-INF/spring.factories]: [org.springframework.boot.test.mock.mockito.MockitoTestExecutionListener, org.springframework.boot.test.mock.mockito.ResetMocksTestExecutionListener, org.springframework.boot.test.autoconfigure.restdocs.RestDocsTestExecutionListener, org.springframework.boot.test.autoconfigure.web.client.MockRestServiceServerResetTestExecutionListener, org.springframework.boot.test.autoconfigure.web.servlet.MockMvcPrintOnlyOnFailureTestExecutionListener, org.springframework.boot.test.autoconfigure.web.servlet.WebDriverTestExecutionListener, org.springframework.test.context.web.ServletTestExecutionListener, org.springframework.test.context.support.DirtiesContextBeforeModesTestExecutionListener, org.springframework.test.context.support.DependencyInjectionTestExecutionListener, org.springframework.test.context.support.DirtiesContextTestExecutionListener, org.springframework.test.context.transaction.TransactionalTestExecutionListener, org.springframework.test.context.jdbc.SqlScriptsTestExecutionListener, org.springframework.test.context.event.EventPublishingTestExecutionListener]
02:49:36.704 [main] DEBUG org.springframework.boot.test.context.SpringBootTestContextBootstrapper - Skipping candidate TestExecutionListener [org.springframework.test.context.transaction.TransactionalTestExecutionListener] due to a missing dependency. Specify custom listener classes or make the default listener classes and their required dependencies available. Offending class: [org/springframework/transaction/TransactionDefinition]
02:49:36.705 [main] DEBUG org.springframework.boot.test.context.SpringBootTestContextBootstrapper - Skipping candidate TestExecutionListener [org.springframework.test.context.jdbc.SqlScriptsTestExecutionListener] due to a missing dependency. Specify custom listener classes or make the default listener classes and their required dependencies available. Offending class: [org/springframework/transaction/interceptor/TransactionAttribute]
02:49:36.706 [main] INFO org.springframework.boot.test.context.SpringBootTestContextBootstrapper - Using TestExecutionListeners: [org.springframework.test.context.web.ServletTestExecutionListener@5fbdfdcf, org.springframework.test.context.support.DirtiesContextBeforeModesTestExecutionListener@4efc180e, org.springframework.boot.test.mock.mockito.MockitoTestExecutionListener@bd4dc25, org.springframework.boot.test.autoconfigure.SpringBootDependencyInjectionTestExecutionListener@25084a1e, org.springframework.test.context.support.DirtiesContextTestExecutionListener@156b88f5, org.springframework.test.context.event.EventPublishingTestExecutionListener@3bf9ce3e, org.springframework.boot.test.mock.mockito.ResetMocksTestExecutionListener@16610890, org.springframework.boot.test.autoconfigure.restdocs.RestDocsTestExecutionListener@71def8f8, org.springframework.boot.test.autoconfigure.web.client.MockRestServiceServerResetTestExecutionListener@383bfa16, org.springframework.boot.test.autoconfigure.web.servlet.MockMvcPrintOnlyOnFailureTestExecutionListener@4d465b11, org.springframework.boot.test.autoconfigure.web.servlet.WebDriverTestExecutionListener@53fdffa1]
02:49:36.741 [main] DEBUG org.springframework.test.context.support.AbstractDirtiesContextTestExecutionListener - Before test class: context [DefaultTestContext@35aea049 testClass = DemoApplicationTests, testInstance = [null], testMethod = [null], testException = [null], mergedContextConfiguration = [WebMergedContextConfiguration@7205765b testClass = DemoApplicationTests, locations = '{}', classes = '{class com.example.bddspring1582598284.DemoApplication}', contextInitializerClasses = '[]', activeProfiles = '{}', propertySourceLocations = '{}', propertySourceProperties = '{org.springframework.boot.test.context.SpringBootTestContextBootstrapper=true}', contextCustomizers = set[org.springframework.boot.test.context.filter.ExcludeFilterContextCustomizer@159f197, org.springframework.boot.test.json.DuplicateJsonObjectContextCustomizerFactory$DuplicateJsonObjectContextCustomizer@1ffe63b9, org.springframework.boot.test.mock.mockito.MockitoContextCustomizer@0, org.springframework.boot.test.web.client.TestRestTemplateContextCustomizer@60d8c9b7, org.springframework.boot.test.autoconfigure.properties.PropertyMappingContextCustomizer@0, org.springframework.boot.test.autoconfigure.web.servlet.WebDriverContextCustomizerFactory$Customizer@7ce3cb8e], resourceBasePath = 'src/main/webapp', contextLoader = 'org.springframework.boot.test.context.SpringBootContextLoader', parent = [null]], attributes = map['org.springframework.test.context.web.ServletTestExecutionListener.activateListener' -> true]], class annotated with @DirtiesContext [false] with mode [null].
02:49:36.839 [main] DEBUG org.springframework.test.context.support.TestPropertySourceUtils - Adding inlined properties to environment: {spring.jmx.enabled=false, org.springframework.boot.test.context.SpringBootTestContextBootstrapper=true, server.port=-1}

  .   ____          _            __ _ _
 /\\ / ___'_ __ _ _(_)_ __  __ _ \ \ \ \
( ( )\___ | '_ | '_| | '_ \/ _` | \ \ \ \
 \\/  ___)| |_)| | | | | || (_| |  ) ) ) )
  '  |____| .__|_| |_|_| |_\__, | / / / /
 =========|_|==============|___/=/_/_/_/
 :: Spring Boot ::        (v2.2.4.RELEASE)

2020-02-25 02:49:37.653  INFO 63 --- [           main] c.e.b.DemoApplicationTests               : Starting DemoApplicationTests on cb-kubecd-bdd-spring-1582598284-jns9x-1-from-build-pack-bvwtz-p with PID 63 (started by root in /workspace/source)
2020-02-25 02:49:37.667  INFO 63 --- [           main] c.e.b.DemoApplicationTests               : No active profile set, falling back to default profiles: default
2020-02-25 02:49:45.887  INFO 63 --- [           main] o.s.s.concurrent.ThreadPoolTaskExecutor  : Initializing ExecutorService 'applicationTaskExecutor'
2020-02-25 02:49:48.054  INFO 63 --- [           main] o.s.b.a.e.web.EndpointLinksResolver      : Exposing 2 endpoint(s) beneath base path '/actuator'
2020-02-25 02:49:48.236  INFO 63 --- [           main] c.e.b.DemoApplicationTests               : Started DemoApplicationTests in 11.326 seconds (JVM running for 14.188)
[INFO] Tests run: 1, Failures: 0, Errors: 0, Skipped: 0, Time elapsed: 13.326 s - in com.example.bddspring1582598284.DemoApplicationTests
2020-02-25 02:49:49.082  INFO 63 --- [extShutdownHook] o.s.s.concurrent.ThreadPoolTaskExecutor  : Shutting down ExecutorService 'applicationTaskExecutor'
[INFO] 
[INFO] Results:
[INFO] 
[INFO] Tests run: 1, Failures: 0, Errors: 0, Skipped: 0
[INFO] 
[INFO] 
[INFO] --- maven-jar-plugin:3.1.2:jar (default-jar) @ bdd-spring-1582598284 ---
[INFO] Building jar: /workspace/source/target/bdd-spring-1582598284-0.0.0-SNAPSHOT-PR-1-1.jar
[INFO] 
[INFO] --- spring-boot-maven-plugin:2.2.4.RELEASE:repackage (repackage) @ bdd-spring-1582598284 ---
[INFO] Replacing main artifact with repackaged archive
[INFO] 
[INFO] --- maven-install-plugin:2.5.2:install (default-install) @ bdd-spring-1582598284 ---
[INFO] Installing /workspace/source/target/bdd-spring-1582598284-0.0.0-SNAPSHOT-PR-1-1.jar to /home/jenkins/.mvnrepository/com/example/bdd-spring-1582598284/0.0.0-SNAPSHOT-PR-1-1/bdd-spring-1582598284-0.0.0-SNAPSHOT-PR-1-1.jar
[INFO] Installing /workspace/source/pom.xml to /home/jenkins/.mvnrepository/com/example/bdd-spring-1582598284/0.0.0-SNAPSHOT-PR-1-1/bdd-spring-1582598284-0.0.0-SNAPSHOT-PR-1-1.pom
[INFO] ------------------------------------------------------------------------
[INFO] BUILD SUCCESS
[INFO] ------------------------------------------------------------------------
[INFO] Total time:  38.042 s
[INFO] Finished at: 2020-02-25T02:49:55Z
[INFO] ------------------------------------------------------------------------

Showing logs for build [32mcb-kubecd-bdd-spring-1582598284-jns9x-1[0m stage [32mfrom-build-pack[0m and container [32mstep-build-skaffold-version[0m
v1.0.1

Showing logs for build [32mcb-kubecd-bdd-spring-1582598284-jns9x-1[0m stage [32mfrom-build-pack[0m and container [32mstep-build-container-build[0m
[36mINFO[0m[0000] Downloading base image openjdk:8-jdk-slim    
ERROR: logging before flag.Parse: E0225 02:49:57.140005      10 metadata.go:142] while reading 'google-dockercfg' metadata: http status code: 404 while fetching url http://metadata.google.internal./computeMetadata/v1/instance/attributes/google-dockercfg
ERROR: logging before flag.Parse: E0225 02:49:57.143338      10 metadata.go:159] while reading 'google-dockercfg-url' metadata: http status code: 404 while fetching url http://metadata.google.internal./computeMetadata/v1/instance/attributes/google-dockercfg-url
2020/02/25 02:49:57 No matching credentials were found, falling back on anonymous
[36mINFO[0m[0001] Error while retrieving image from cache: getting file info: stat /workspace/sha256:f3866dd8be6d27d0e09ed483cf0ffb3b3c21e76ccd766b3a4b629a43cae9c94c: no such file or directory 
[36mINFO[0m[0001] Downloading base image openjdk:8-jdk-slim    
2020/02/25 02:49:58 No matching credentials were found, falling back on anonymous
[36mINFO[0m[0002] cmd: EXPOSE                                  
[36mINFO[0m[0002] Adding exposed port: 8080/tcp                
[36mINFO[0m[0002] Using files from context: [/workspace/source/pom.xml] 
[36mINFO[0m[0002] Using files from context: [/workspace/source/target/bdd-spring-1582598284-0.0.0-SNAPSHOT-PR-1-1.jar] 
[36mINFO[0m[0002] Skipping unpacking as no commands require it. 
[36mINFO[0m[0002] Taking snapshot of full filesystem...        
[36mINFO[0m[0002] ENV PORT 8080                                
[36mINFO[0m[0002] No files changed in this command, skipping snapshotting. 
[36mINFO[0m[0002] ENV CLASSPATH /opt/lib                       
[36mINFO[0m[0002] No files changed in this command, skipping snapshotting. 
[36mINFO[0m[0002] EXPOSE 8080                                  
[36mINFO[0m[0002] cmd: EXPOSE                                  
[36mINFO[0m[0002] Adding exposed port: 8080/tcp                
[36mINFO[0m[0002] No files changed in this command, skipping snapshotting. 
[36mINFO[0m[0002] Using files from context: [/workspace/source/pom.xml] 
[36mINFO[0m[0002] COPY pom.xml target/lib* /opt/lib/           
[36mINFO[0m[0002] Taking snapshot of files...                  
[36mINFO[0m[0002] Using files from context: [/workspace/source/target/bdd-spring-1582598284-0.0.0-SNAPSHOT-PR-1-1.jar] 
[36mINFO[0m[0002] COPY target/*.jar /opt/app.jar               
[36mINFO[0m[0002] Taking snapshot of files...                  
[36mINFO[0m[0002] WORKDIR /opt                                 
[36mINFO[0m[0002] cmd: workdir                                 
[36mINFO[0m[0002] Changed working directory to /opt            
[36mINFO[0m[0002] No files changed in this command, skipping snapshotting. 
[36mINFO[0m[0002] CMD ["java", "-XX:+UnlockExperimentalVMOptions", "-XX:+UseCGroupMemoryLimitForHeap", "-jar", "app.jar"] 
[36mINFO[0m[0002] No files changed in this command, skipping snapshotting. 
2020/02/25 02:50:00 existing blob: sha256:4836bf357bc05fde276db1412eb17d9c5ae12fc0751947bd3cbef5879f5ee955
2020/02/25 02:50:00 existing blob: sha256:bc51dd8edc1b1132bb97827ed6bd16aac332b03fb03d4c02d2088067a5fbb499
2020/02/25 02:50:00 existing blob: sha256:d1d06863bb82bdc3f4cd17d49c0dee8720f91c4d9e40cce1b4a691f9459266be
2020/02/25 02:50:00 existing blob: sha256:6dc6df7db36a5a1267aa98ac410ecdbf10e39333a934539ecbc78a1283016206
2020/02/25 02:50:03 pushed blob: sha256:b86edba52b7496a3aa0ca024ff815f24d4e1f48a7f7cc51fce0d7873642fd325
2020/02/25 02:50:03 pushed blob: sha256:93ef97f68032f099da5a18cf85dbcdac981226ed9804ed30cd6ed5c114a44ac1
2020/02/25 02:50:05 pushed blob: sha256:a7a3281a0af4bd4ae51697ebc98a56eb395951f25b7bac7f1190271208660815
2020/02/25 02:50:06 gcr.io/jenkins-x-bdd3/bdd-spring-1582598284:0.0.0-SNAPSHOT-PR-1-1: digest: sha256:832cb2f8324f6a8ffee76fe094cdb178ac1584ac04d1a99425d62329998c25b7 size: 1244

Showing logs for build [32mcb-kubecd-bdd-spring-1582598284-jns9x-1[0m stage [32mfrom-build-pack[0m and container [32mstep-postbuild-post-build[0m
no CVE provider running in the current ** namespace so skip adding image to be analysed

Showing logs for build [32mcb-kubecd-bdd-spring-1582598284-jns9x-1[0m stage [32mfrom-build-pack[0m and container [32mstep-promote-make-preview[0m
sed -i -e "s/version:.*/version: 0.0.0-SNAPSHOT-PR-1-1/" Chart.yaml
sed -i -e "s/version:.*/version: 0.0.0-SNAPSHOT-PR-1-1/" ../*/Chart.yaml
sed -i -e "s|repository:.*|repository: gcr.io\/jenkins-x-bdd3\/bdd-spring-1582598284|" values.yaml
sed -i -e "s/tag:.*/tag: 0.0.0-SNAPSHOT-PR-1-1/" values.yaml
echo "  version: 0.0.0-SNAPSHOT-PR-1-1" >> requirements.yaml
** step helm build
WARNING: No $CHART_REPOSITORY defined so using the default value of: http://jenkins-x-chartmuseum:8080
Adding missing Helm repo: storage.googleapis.com https://storage.googleapis.com/chartmuseum.jenkins-x.io
WARNING: No secrets found on "helm/repos" due: reading the secret "helm/repos" from vault: no secret "helm/repos" not found in vault
Read credentials for https://storage.googleapis.com/chartmuseum.jenkins-x.io from vault helm/repos
Successfully added Helm repository storage.googleapis.com.
Adding missing Helm repo: jenkins-x-chartmuseum http://jenkins-x-chartmuseum:8080
WARNING: No secrets found on "helm/repos" due: reading the secret "helm/repos" from vault: no secret "helm/repos" not found in vault
Read credentials for http://jenkins-x-chartmuseum:8080 from vault helm/repos
Successfully added Helm repository jenkins-x-chartmuseum.
WARNING: No $CHART_REPOSITORY defined so using the default value of: http://jenkins-x-chartmuseum:8080
Adding missing Helm repo: chartmuseum.jenkins-x.io http://chartmuseum.jenkins-x.io
WARNING: No secrets found on "helm/repos" due: reading the secret "helm/repos" from vault: no secret "helm/repos" not found in vault
Read credentials for http://chartmuseum.jenkins-x.io from vault helm/repos
Successfully added Helm repository chartmuseum.jenkins-x.io.

Showing logs for build [32mcb-kubecd-bdd-spring-1582598284-jns9x-1[0m stage [32mfrom-build-pack[0m and container [32mstep-promote-jx-preview[0m
Creating a preview
Created environment cb-kubecd-bdd-spring-1582598284-pr-1
Namespace **-cb-kubecd-bdd-spring-1582598284-pr-1 created 
expose:
  Annotations:
    helm.sh/hook: post-install,post-upgrade
    helm.sh/hook-delete-policy: hook-succeeded
  config:
    domain: c**du4.bdd.jenkins-x.rocks
    exposer: Ingress
    http: "true"
preview:
  image:
    repository: gcr.io/jenkins-x-bdd3/bdd-spring-1582598284
    tag: 0.0.0-SNAPSHOT-PR-1-1

Updating PipelineActivities cb-kubecd-bdd-spring-1582598284-pr-1-1 which has status Running
WARNING: preview application http://bdd-spring-1582598284.**-cb-kubecd-bdd-spring-1582598284-pr-1.c**du4.bdd.jenkins-x.rocks not available, error was Get http://bdd-spring-1582598284.**-cb-kubecd-bdd-spring-1582598284-pr-1.c**du4.bdd.jenkins-x.rocks: dial tcp: lookup bdd-spring-1582598284.**-cb-kubecd-bdd-spring-1582598284-pr-1.c**du4.bdd.jenkins-x.rocks on 10.63.240.10:53: no such host, delaying for: 525.193959ms
WARNING: preview application http://bdd-spring-1582598284.**-cb-kubecd-bdd-spring-1582598284-pr-1.c**du4.bdd.jenkins-x.rocks not available, error was Get http://bdd-spring-1582598284.**-cb-kubecd-bdd-spring-1582598284-pr-1.c**du4.bdd.jenkins-x.rocks: dial tcp: lookup bdd-spring-1582598284.**-cb-kubecd-bdd-spring-1582598284-pr-1.c**du4.bdd.jenkins-x.rocks on 10.63.240.10:53: no such host, delaying for: 1.339876499s
WARNING: preview application http://bdd-spring-1582598284.**-cb-kubecd-bdd-spring-1582598284-pr-1.c**du4.bdd.jenkins-x.rocks not available, error was Get http://bdd-spring-1582598284.**-cb-kubecd-bdd-spring-1582598284-pr-1.c**du4.bdd.jenkins-x.rocks: dial tcp: lookup bdd-spring-1582598284.**-cb-kubecd-bdd-spring-1582598284-pr-1.c**du4.bdd.jenkins-x.rocks on 10.63.240.10:53: no such host, delaying for: 1.850874036s
WARNING: preview application http://bdd-spring-1582598284.**-cb-kubecd-bdd-spring-1582598284-pr-1.c**du4.bdd.jenkins-x.rocks not available, error was Get http://bdd-spring-1582598284.**-cb-kubecd-bdd-spring-1582598284-pr-1.c**du4.bdd.jenkins-x.rocks: dial tcp: lookup bdd-spring-1582598284.**-cb-kubecd-bdd-spring-1582598284-pr-1.c**du4.bdd.jenkins-x.rocks on 10.63.240.10:53: no such host, delaying for: 2.933252018s
WARNING: preview application http://bdd-spring-1582598284.**-cb-kubecd-bdd-spring-1582598284-pr-1.c**du4.bdd.jenkins-x.rocks not available, error was Get http://bdd-spring-1582598284.**-cb-kubecd-bdd-spring-1582598284-pr-1.c**du4.bdd.jenkins-x.rocks: dial tcp: lookup bdd-spring-1582598284.**-cb-kubecd-bdd-spring-1582598284-pr-1.c**du4.bdd.jenkins-x.rocks on 10.63.240.10:53: no such host, delaying for: 2.824501689s
WARNING: preview application http://bdd-spring-1582598284.**-cb-kubecd-bdd-spring-1582598284-pr-1.c**du4.bdd.jenkins-x.rocks not available, error was Get http://bdd-spring-1582598284.**-cb-kubecd-bdd-spring-1582598284-pr-1.c**du4.bdd.jenkins-x.rocks: dial tcp: lookup bdd-spring-1582598284.**-cb-kubecd-bdd-spring-1582598284-pr-1.c**du4.bdd.jenkins-x.rocks on 10.63.240.10:53: no such host, delaying for: 10.974447712s
WARNING: preview application http://bdd-spring-1582598284.**-cb-kubecd-bdd-spring-1582598284-pr-1.c**du4.bdd.jenkins-x.rocks not available, error was Get http://bdd-spring-1582598284.**-cb-kubecd-bdd-spring-1582598284-pr-1.c**du4.bdd.jenkins-x.rocks: dial tcp: lookup bdd-spring-1582598284.**-cb-kubecd-bdd-spring-1582598284-pr-1.c**du4.bdd.jenkins-x.rocks on 10.63.240.10:53: no such host, delaying for: 10.256486862s
WARNING: preview application http://bdd-spring-1582598284.**-cb-kubecd-bdd-spring-1582598284-pr-1.c**du4.bdd.jenkins-x.rocks not available, error was Get http://bdd-spring-1582598284.**-cb-kubecd-bdd-spring-1582598284-pr-1.c**du4.bdd.jenkins-x.rocks: dial tcp: lookup bdd-spring-1582598284.**-cb-kubecd-bdd-spring-1582598284-pr-1.c**du4.bdd.jenkins-x.rocks on 10.63.240.10:53: no such host, delaying for: 20.917101179s
WARNING: preview application http://bdd-spring-1582598284.**-cb-kubecd-bdd-spring-1582598284-pr-1.c**du4.bdd.jenkins-x.rocks not available, error was Get http://bdd-spring-1582598284.**-cb-kubecd-bdd-spring-1582598284-pr-1.c**du4.bdd.jenkins-x.rocks: dial tcp: lookup bdd-spring-1582598284.**-cb-kubecd-bdd-spring-1582598284-pr-1.c**du4.bdd.jenkins-x.rocks on 10.63.240.10:53: no such host, delaying for: 13.194462387s
WARNING: preview application http://bdd-spring-1582598284.**-cb-kubecd-bdd-spring-1582598284-pr-1.c**du4.bdd.jenkins-x.rocks not available, error was Get http://bdd-spring-1582598284.**-cb-kubecd-bdd-spring-1582598284-pr-1.c**du4.bdd.jenkins-x.rocks: dial tcp: lookup bdd-spring-1582598284.**-cb-kubecd-bdd-spring-1582598284-pr-1.c**du4.bdd.jenkins-x.rocks on 10.63.240.10:53: no such host, delaying for: 51.254294248s
WARNING: preview application http://bdd-spring-1582598284.**-cb-kubecd-bdd-spring-1582598284-pr-1.c**du4.bdd.jenkins-x.rocks not available, error was Get http://bdd-spring-1582598284.**-cb-kubecd-bdd-spring-1582598284-pr-1.c**du4.bdd.jenkins-x.rocks: dial tcp: lookup bdd-spring-1582598284.**-cb-kubecd-bdd-spring-1582598284-pr-1.c**du4.bdd.jenkins-x.rocks on 10.63.240.10:53: no such host, delaying for: 1m21.006476584s
Preview application is now available at: http://bdd-spring-1582598284.**-cb-kubecd-bdd-spring-1582598284-pr-1.c**du4.bdd.jenkins-x.rocks
